%このファイルは日本語文字を含みます.
\BOOKMARK [0][]{chapter*.1}{\376\377\151\202\211\201}{}% 1
\BOOKMARK [0][]{chapter.1}{\376\377\173\054\0001\172\340\000\040\060\157\060\130\060\201\060\153}{}% 2
\BOOKMARK [0][]{chapter.2}{\376\377\173\054\0002\172\340\000\040\200\314\146\157}{}% 3
\BOOKMARK [1][]{section.2.1}{\376\377\0002\000.\0001\000\040\142\225\152\137\133\237\210\114}{chapter.2}% 4
\BOOKMARK [1][]{section.2.2}{\376\377\0002\000.\0002\000\040\000S\000i\000d\000e\000\040\000C\000h\000a\000n\000n\000e\000l\000\040\000A\000t\000t\000a\000c\000k}{chapter.2}% 5
\BOOKMARK [2][]{subsection.2.2.1}{\376\377\0002\000.\0002\000.\0001\000\040\060\255\060\343\060\303\060\267\060\345\151\313\220\040}{section.2.2}% 6
\BOOKMARK [2][]{subsection.2.2.2}{\376\377\0002\000.\0002\000.\0002\000\040\000P\000r\000i\000m\000e\000+\000P\000r\000o\000b\000e}{section.2.2}% 7
\BOOKMARK [2][]{subsection.2.2.3}{\376\377\0002\000.\0002\000.\0003\000\040\000F\000l\000u\000s\000h\000+\000R\000e\000l\000o\000a\000d}{section.2.2}% 8
\BOOKMARK [1][]{section.2.3}{\376\377\0002\000.\0003\000\040\000T\000r\000a\000n\000s\000i\000e\000n\000t\000\040\000E\000x\000e\000c\000u\000t\000i\000o\000n\000\040\000A\000t\000t\000a\000c\000k}{chapter.2}% 9
\BOOKMARK [1][]{section.2.4}{\376\377\0002\000.\0004\000\040\000S\000p\000e\000c\000t\000r\000e\145\073\144\203\060\150\133\376\173\126}{chapter.2}% 10
\BOOKMARK [2][]{subsection.2.4.1}{\376\377\0002\000.\0004\000.\0001\000\040\000S\000p\000e\000c\000t\000r\000e\000-\000P\000H\000T}{section.2.4}% 11
\BOOKMARK [2][]{subsection.2.4.2}{\376\377\0002\000.\0004\000.\0002\000\040\166\364\122\027\123\026\124\175\116\344}{section.2.4}% 12
\BOOKMARK [2][]{subsection.2.4.3}{\376\377\0002\000.\0004\000.\0003\000\040\000S\000p\000e\000c\000u\000l\000a\000t\000i\000v\000e\000\040\000L\000o\000a\000d\000\040\000H\000a\000r\000d\000e\000n\000i\000n\000g}{section.2.4}% 13
\BOOKMARK [1][]{section.2.5}{\376\377\0002\000.\0005\000\040\000S\000p\000e\000c\000t\000r\000e\000\040\000G\000a\000d\000g\000e\000t\060\156\151\034\121\372}{chapter.2}% 14
\BOOKMARK [2][]{subsection.2.5.1}{\376\377\0002\000.\0005\000.\0001\000\040\000K\000L\000E\000E\000S\000p\000e\000c\000t\000r\000e}{section.2.5}% 15
\BOOKMARK [2][]{subsection.2.5.2}{\376\377\0002\000.\0005\000.\0002\000\040\000S\000p\000e\000c\000F\000u\000z\000z}{section.2.5}% 16
\BOOKMARK [0][]{chapter.3}{\376\377\173\054\0003\172\340\000\040\125\117\230\114\212\055\133\232}{}% 17
\BOOKMARK [1][]{section.3.1}{\376\377\0003\000.\0001\000\040\145\342\133\130\142\113\154\325\060\156\125\117\230\114\160\271}{chapter.3}% 18
\BOOKMARK [2][]{subsection.3.1.1}{\376\377\0003\000.\0001\000.\0001\000\040\212\030\123\367\133\237\210\114}{section.3.1}% 19
\BOOKMARK [2][]{subsection.3.1.2}{\376\377\0003\000.\0001\000.\0002\000\040\060\325\060\241\060\270\060\363\060\260}{section.3.1}% 20
\BOOKMARK [1][]{section.3.2}{\376\377\0003\000.\0002\000\040\000M\000o\000t\000i\000v\000a\000t\000i\000n\000g\000\040\000E\000x\000a\000m\000p\000l\000e}{chapter.3}% 21
\BOOKMARK [0][]{chapter.4}{\376\377\173\054\0004\172\340\000\040\143\320\150\110\142\113\154\325}{}% 22
\BOOKMARK [1][]{section.4.1}{\376\377\0004\000.\0001\000\040\212\030\123\367\133\237\210\114\060\325\060\247\060\374\060\272}{chapter.4}% 23
\BOOKMARK [2][]{subsection.4.1.1}{\376\377\0004\000.\0001\000.\0001\000\040\060\315\060\271\060\310\060\125\060\214\060\137\122\006\134\220\116\210\156\054\060\156\122\066\226\120}{section.4.1}% 24
\BOOKMARK [2][]{subsection.4.1.2}{\376\377\0004\000.\0001\000.\0002\000\040\116\015\211\201\060\152\122\006\134\220\116\210\156\054\060\337\060\271\060\156\162\171\133\232}{section.4.1}% 25
\BOOKMARK [2][]{subsection.4.1.3}{\376\377\0004\000.\0001\000.\0003\000\040\060\277\060\374\060\262\060\303\060\310\162\266\141\113\060\176\060\147\060\156\133\237\210\114\060\310\060\354\060\374\060\271\060\156\123\326\137\227}{section.4.1}% 26
\BOOKMARK [1][]{section.4.2}{\376\377\0004\000.\0002\000\040\060\325\060\241\060\270\060\363\060\260\060\325\060\247\060\374\060\272}{chapter.4}% 27
\BOOKMARK [2][]{subsection.4.2.1}{\376\377\0004\000.\0002\000.\0001\000\040\116\015\211\201\060\152\122\006\134\220\116\210\156\054\060\337\060\271\060\156\142\221\122\066}{section.4.2}% 28
\BOOKMARK [2][]{subsection.4.2.2}{\376\377\0004\000.\0002\000.\0002\000\040\060\271\060\263\060\242\060\153\060\210\060\213\060\267\060\374\060\311\060\156\060\271\060\261\060\270\060\345\060\374\060\352\060\363\060\260}{section.4.2}% 29
\BOOKMARK [0][]{chapter.5}{\376\377\173\054\0005\172\340\000\040\133\237\210\305}{}% 30
\BOOKMARK [1][]{section.5.1}{\376\377\0005\000.\0001\000\040\212\030\123\367\133\237\210\114\060\325\060\247\060\374\060\272}{chapter.5}% 31
\BOOKMARK [2][]{subsection.5.1.1}{\376\377\0005\000.\0001\000.\0001\000\040\000O\000r\000d\000e\000r\060\153\060\210\060\213\122\006\134\220\116\210\156\054\060\337\060\271\060\156\122\066\226\120}{section.5.1}% 32
\BOOKMARK [2][]{subsection.5.1.2}{\376\377\0005\000.\0001\000.\0002\000\040\165\160\136\070\175\102\116\206\060\127\060\137\142\225\152\137\166\204\060\152\162\266\141\113\060\156\142\161\060\104}{section.5.1}% 33
\BOOKMARK [1][]{section.5.2}{\376\377\0005\000.\0002\000\040\060\325\060\241\060\270\060\363\060\260\060\325\060\247\060\374\060\272}{chapter.5}% 34
\BOOKMARK [2][]{subsection.5.2.1}{\376\377\0005\000.\0002\000.\0001\000\040\122\006\134\220\116\210\156\054\060\337\060\271\060\156\142\221\122\066\060\222\210\114\060\106\212\010\210\305}{section.5.2}% 35
\BOOKMARK [2][]{subsection.5.2.2}{\376\377\0005\000.\0002\000.\0002\000\040\060\271\060\263\060\242\212\010\173\227\060\156\060\137\060\201\060\156\212\010\210\305}{section.5.2}% 36
\BOOKMARK [2][]{subsection.5.2.3}{\376\377\0005\000.\0002\000.\0003\000\040\142\225\152\137\060\246\060\243\060\363\060\311\060\246\060\156\212\055\133\232}{section.5.2}% 37
\BOOKMARK [0][]{chapter.6}{\376\377\173\054\0006\172\340\000\040\116\210\120\231\133\237\232\023}{}% 38
\BOOKMARK [1][]{section.6.1}{\376\377\0006\000.\0001\000\040\153\324\217\003\133\376\214\141}{chapter.6}% 39
\BOOKMARK [1][]{section.6.2}{\376\377\0006\000.\0002\000\040\060\307\060\374\060\277\060\273\060\303\060\310}{chapter.6}% 40
\BOOKMARK [1][]{section.6.3}{\376\377\0006\000.\0003\000\040\133\237\232\023\164\260\130\203\123\312\060\163\151\313\142\020}{chapter.6}% 41
\BOOKMARK [1][]{section.6.4}{\376\377\0006\000.\0004\000\040\133\237\232\023\175\120\147\234}{chapter.6}% 42
\BOOKMARK [2][]{subsection.6.4.1}{\376\377\0006\000.\0004\000.\0001\000\040\212\030\123\367\133\237\210\114\060\325\060\247\060\374\060\272\060\156\212\125\117\241}{section.6.4}% 43
\BOOKMARK [2][]{subsection.6.4.2}{\376\377\0006\000.\0004\000.\0002\000\040\060\325\060\241\060\270\060\363\060\260\060\325\060\247\060\374\060\272\060\156\212\125\117\241}{section.6.4}% 44
\BOOKMARK [2][]{subsection.6.4.3}{\376\377\0006\000.\0004\000.\0003\000\040\143\320\150\110\142\113\154\325\121\150\117\123\060\156\212\125\117\241}{section.6.4}% 45
\BOOKMARK [0][]{chapter.7}{\376\377\173\054\0007\172\340\000\040\116\312\137\214\060\156\134\125\147\033}{}% 46
\BOOKMARK [1][]{section.7.1}{\376\377\0007\000.\0001\000\040\147\000\220\151\060\152\000O\000r\000d\000e\000r\120\044\060\156\152\041\175\042}{chapter.7}% 47
\BOOKMARK [1][]{section.7.2}{\376\377\0007\000.\0002\000\040\060\271\060\263\060\242\060\352\060\363\060\260\142\113\154\325\060\156\145\071\125\204}{chapter.7}% 48
\BOOKMARK [1][]{section.7.3}{\376\377\0007\000.\0003\000\040\060\306\060\271\060\310\060\311\060\351\060\244\060\320\060\156\212\055\212\010}{chapter.7}% 49
\BOOKMARK [1][]{section.7.4}{\376\377\0007\000.\0004\000\040\133\237\116\026\165\114\060\156\060\327\060\355\060\260\060\351\060\340\060\153\060\112\060\121\060\213\000G\000a\000d\000g\000e\000t\060\156\212\277\147\373}{chapter.7}% 50
\BOOKMARK [0][]{chapter.8}{\376\377\173\054\0008\172\340\000\040\225\242\220\043\170\024\172\166}{}% 51
\BOOKMARK [1][]{section.8.1}{\376\377\0008\000.\0001\000\040\000T\000r\000a\000n\000s\000i\000e\000n\000t\000\040\000E\000x\000e\000c\000u\000t\000i\000o\000n\000\040\000A\000t\000t\000a\000c\000k}{chapter.8}% 52
\BOOKMARK [1][]{section.8.2}{\376\377\0008\000.\0002\000\040\000S\000p\000e\000c\000t\000r\000e\000\040\000G\000a\000d\000g\000e\000t\060\156\151\034\121\372}{chapter.8}% 53
\BOOKMARK [1][]{section.8.3}{\376\377\0008\000.\0003\000\040\060\317\060\374\060\311\060\246\060\247\060\242\060\153\060\210\060\213\226\062\137\241\154\325}{chapter.8}% 54
\BOOKMARK [1][]{section.8.4}{\376\377\0008\000.\0004\000\040\060\135\060\156\116\326\060\156\226\062\137\241\154\325}{chapter.8}% 55
\BOOKMARK [0][]{chapter.9}{\376\377\173\054\0009\172\340\000\040\060\112\060\217\060\212\060\153}{}% 56
\BOOKMARK [0][]{chapter*.42}{\376\377\213\035\217\236}{}% 57
\BOOKMARK [0][]{chapter*.43}{\376\377\123\302\200\003\145\207\163\056}{}% 58
